<!DOCTYPE HTML PUBLIC "-//W3C//DTD HTML 4.01 Transitional//EN" "http://www.w3.org/TR/html4/loose.dtd">
<html>
<head>
<title>Selenium Logs</title>
<style type="text/css">
<!--
body, table {font-family: arial,sans-serif; font-size: x-small;}
th {background: #336699; color: #FFFFFF; text-align: left;}
-->
</style>
</head>
<body bgcolor="#FFFFFF" topmargin="6" leftmargin="6">
<hr size="1" noshade>
Log session start time Thu Jan 21 11:40:02 EST 2021<br>
<br>
<table cellspacing="0" cellpadding="4" border="1" bordercolor="#224466" width="100%">
<tr>
<th>Time</th>
<th>Thread</th>
<th>Level</th>
<th>Category</th>
<th>File:Line</th>
<th>Message</th>
</tr>

<tr>
<td>0</td>
<td title="main thread">main</td>
<td title="Level">INFO</td>
<td title="com.phptravels.libraries.PHPBase category">com.phptravels.libraries.PHPBase</td>
<td>PHPBase.java:23</td>
<td title="Message">Test started</td>
</tr>

<tr>
<td>2990</td>
<td title="main thread">main</td>
<td title="Level"><font color="#993300"><strong>ERROR</strong></font></td>
<td title="com.phptravels.libraries.PHPBase category">com.phptravels.libraries.PHPBase</td>
<td>PHPBase.java:27</td>
<td title="Message">Error: </td>
</tr>
<tr><td bgcolor="#993300" style="color:White; font-size : xx-small;" colspan="6">org.openqa.selenium.SessionNotCreatedException: session not created: This version of ChromeDriver only supports Chrome version 86
<br>&nbsp;&nbsp;&nbsp;&nbsp;Current browser version is 88.0.4324.96 with binary path C:\Program Files (x86)\Google\Chrome\Application\chrome.exe
<br>&nbsp;&nbsp;&nbsp;&nbsp;Build info: version: '4.0.0-alpha-7', revision: 'de8579b6d5'
<br>&nbsp;&nbsp;&nbsp;&nbsp;System info: host: 'ELSHAT-PC', ip: '67.194.228.12', os.name: 'Windows 10', os.arch: 'amd64', os.version: '10.0', java.version: '11.0.9'
<br>&nbsp;&nbsp;&nbsp;&nbsp;Driver info: driver.version: ChromeDriver
<br>&nbsp;&nbsp;&nbsp;&nbsp;remote stacktrace: Backtrace:
<br>&nbsp;&nbsp;&nbsp;&nbsp;	Ordinal0 [0x0116C013+3194899]
<br>&nbsp;&nbsp;&nbsp;&nbsp;	Ordinal0 [0x01056021+2056225]
<br>&nbsp;&nbsp;&nbsp;&nbsp;	Ordinal0 [0x00EEF608+587272]
<br>&nbsp;&nbsp;&nbsp;&nbsp;	Ordinal0 [0x00E71BF3+72691]
<br>&nbsp;&nbsp;&nbsp;&nbsp;	Ordinal0 [0x00E6E229+57897]
<br>&nbsp;&nbsp;&nbsp;&nbsp;	Ordinal0 [0x00E6C64A+50762]
<br>&nbsp;&nbsp;&nbsp;&nbsp;	Ordinal0 [0x00E91EE9+204521]
<br>&nbsp;&nbsp;&nbsp;&nbsp;	Ordinal0 [0x00E91D0D+204045]
<br>&nbsp;&nbsp;&nbsp;&nbsp;	Ordinal0 [0x00E8FC1B+195611]
<br>&nbsp;&nbsp;&nbsp;&nbsp;	Ordinal0 [0x00E73B7F+80767]
<br>&nbsp;&nbsp;&nbsp;&nbsp;	Ordinal0 [0x00E74B4E+84814]
<br>&nbsp;&nbsp;&nbsp;&nbsp;	Ordinal0 [0x00E74AD9+84697]
<br>&nbsp;&nbsp;&nbsp;&nbsp;	Ordinal0 [0x0106CE64+2149988]
<br>&nbsp;&nbsp;&nbsp;&nbsp;	GetHandleVerifier [0x012DBE95+1400773]
<br>&nbsp;&nbsp;&nbsp;&nbsp;	GetHandleVerifier [0x012DBB61+1399953]
<br>&nbsp;&nbsp;&nbsp;&nbsp;	GetHandleVerifier [0x012E31FA+1430314]
<br>&nbsp;&nbsp;&nbsp;&nbsp;	GetHandleVerifier [0x012DC69F+1402831]
<br>&nbsp;&nbsp;&nbsp;&nbsp;	Ordinal0 [0x01063D61+2112865]
<br>&nbsp;&nbsp;&nbsp;&nbsp;	Ordinal0 [0x0106E5CB+2155979]
<br>&nbsp;&nbsp;&nbsp;&nbsp;	Ordinal0 [0x0106E6F5+2156277]
<br>&nbsp;&nbsp;&nbsp;&nbsp;	Ordinal0 [0x0107F26E+2224750]
<br>&nbsp;&nbsp;&nbsp;&nbsp;	BaseThreadInitThunk [0x74F66359+25]
<br>&nbsp;&nbsp;&nbsp;&nbsp;	RtlGetAppContainerNamedObjectPath [0x76F48944+228]
<br>&nbsp;&nbsp;&nbsp;&nbsp;	RtlGetAppContainerNamedObjectPath [0x76F48914+180]
<br>&nbsp;&nbsp;&nbsp;&nbsp;
<br>&nbsp;&nbsp;&nbsp;&nbsp;	at java.base/jdk.internal.reflect.NativeConstructorAccessorImpl.newInstance0(Native Method)
<br>&nbsp;&nbsp;&nbsp;&nbsp;	at java.base/jdk.internal.reflect.NativeConstructorAccessorImpl.newInstance(NativeConstructorAccessorImpl.java:62)
<br>&nbsp;&nbsp;&nbsp;&nbsp;	at java.base/jdk.internal.reflect.DelegatingConstructorAccessorImpl.newInstance(DelegatingConstructorAccessorImpl.java:45)
<br>&nbsp;&nbsp;&nbsp;&nbsp;	at java.base/java.lang.reflect.Constructor.newInstance(Constructor.java:490)
<br>&nbsp;&nbsp;&nbsp;&nbsp;	at org.openqa.selenium.remote.W3CHandshakeResponse.lambda$errorHandler$0(W3CHandshakeResponse.java:62)
<br>&nbsp;&nbsp;&nbsp;&nbsp;	at org.openqa.selenium.remote.HandshakeResponse.lambda$getResponseFunction$0(HandshakeResponse.java:30)
<br>&nbsp;&nbsp;&nbsp;&nbsp;	at org.openqa.selenium.remote.ProtocolHandshake.lambda$createSession$1(ProtocolHandshake.java:126)
<br>&nbsp;&nbsp;&nbsp;&nbsp;	at java.base/java.util.stream.ReferencePipeline$3$1.accept(ReferencePipeline.java:195)
<br>&nbsp;&nbsp;&nbsp;&nbsp;	at java.base/java.util.Spliterators$ArraySpliterator.tryAdvance(Spliterators.java:958)
<br>&nbsp;&nbsp;&nbsp;&nbsp;	at java.base/java.util.stream.ReferencePipeline.forEachWithCancel(ReferencePipeline.java:127)
<br>&nbsp;&nbsp;&nbsp;&nbsp;	at java.base/java.util.stream.AbstractPipeline.copyIntoWithCancel(AbstractPipeline.java:502)
<br>&nbsp;&nbsp;&nbsp;&nbsp;	at java.base/java.util.stream.AbstractPipeline.copyInto(AbstractPipeline.java:488)
<br>&nbsp;&nbsp;&nbsp;&nbsp;	at java.base/java.util.stream.AbstractPipeline.wrapAndCopyInto(AbstractPipeline.java:474)
<br>&nbsp;&nbsp;&nbsp;&nbsp;	at java.base/java.util.stream.FindOps$FindOp.evaluateSequential(FindOps.java:150)
<br>&nbsp;&nbsp;&nbsp;&nbsp;	at java.base/java.util.stream.AbstractPipeline.evaluate(AbstractPipeline.java:234)
<br>&nbsp;&nbsp;&nbsp;&nbsp;	at java.base/java.util.stream.ReferencePipeline.findFirst(ReferencePipeline.java:543)
<br>&nbsp;&nbsp;&nbsp;&nbsp;	at org.openqa.selenium.remote.ProtocolHandshake.createSession(ProtocolHandshake.java:128)
<br>&nbsp;&nbsp;&nbsp;&nbsp;	at org.openqa.selenium.remote.ProtocolHandshake.createSession(ProtocolHandshake.java:75)
<br>&nbsp;&nbsp;&nbsp;&nbsp;	at org.openqa.selenium.remote.HttpCommandExecutor.execute(HttpCommandExecutor.java:139)
<br>&nbsp;&nbsp;&nbsp;&nbsp;	at org.openqa.selenium.remote.service.DriverCommandExecutor.execute(DriverCommandExecutor.java:123)
<br>&nbsp;&nbsp;&nbsp;&nbsp;	at org.openqa.selenium.remote.RemoteWebDriver.execute(RemoteWebDriver.java:501)
<br>&nbsp;&nbsp;&nbsp;&nbsp;	at org.openqa.selenium.remote.RemoteWebDriver.startSession(RemoteWebDriver.java:207)
<br>&nbsp;&nbsp;&nbsp;&nbsp;	at org.openqa.selenium.remote.RemoteWebDriver.&lt;init&gt;(RemoteWebDriver.java:127)
<br>&nbsp;&nbsp;&nbsp;&nbsp;	at org.openqa.selenium.chromium.ChromiumDriver.&lt;init&gt;(ChromiumDriver.java:93)
<br>&nbsp;&nbsp;&nbsp;&nbsp;	at org.openqa.selenium.chrome.ChromeDriver.&lt;init&gt;(ChromeDriver.java:163)
<br>&nbsp;&nbsp;&nbsp;&nbsp;	at org.openqa.selenium.chrome.ChromeDriver.&lt;init&gt;(ChromeDriver.java:150)
<br>&nbsp;&nbsp;&nbsp;&nbsp;	at org.openqa.selenium.chrome.ChromeDriver.&lt;init&gt;(ChromeDriver.java:105)
<br>&nbsp;&nbsp;&nbsp;&nbsp;	at com.phptravels.libraries.PHPBase.setup(PHPBase.java:24)
<br>&nbsp;&nbsp;&nbsp;&nbsp;	at java.base/jdk.internal.reflect.NativeMethodAccessorImpl.invoke0(Native Method)
<br>&nbsp;&nbsp;&nbsp;&nbsp;	at java.base/jdk.internal.reflect.NativeMethodAccessorImpl.invoke(NativeMethodAccessorImpl.java:62)
<br>&nbsp;&nbsp;&nbsp;&nbsp;	at java.base/jdk.internal.reflect.DelegatingMethodAccessorImpl.invoke(DelegatingMethodAccessorImpl.java:43)
<br>&nbsp;&nbsp;&nbsp;&nbsp;	at java.base/java.lang.reflect.Method.invoke(Method.java:566)
<br>&nbsp;&nbsp;&nbsp;&nbsp;	at org.testng.internal.MethodInvocationHelper.invokeMethod(MethodInvocationHelper.java:133)
<br>&nbsp;&nbsp;&nbsp;&nbsp;	at org.testng.internal.MethodInvocationHelper.invokeMethodConsideringTimeout(MethodInvocationHelper.java:62)
<br>&nbsp;&nbsp;&nbsp;&nbsp;	at org.testng.internal.ConfigInvoker.invokeConfigurationMethod(ConfigInvoker.java:340)
<br>&nbsp;&nbsp;&nbsp;&nbsp;	at org.testng.internal.ConfigInvoker.invokeConfigurations(ConfigInvoker.java:294)
<br>&nbsp;&nbsp;&nbsp;&nbsp;	at org.testng.internal.TestInvoker.runConfigMethods(TestInvoker.java:683)
<br>&nbsp;&nbsp;&nbsp;&nbsp;	at org.testng.internal.TestInvoker.invokeMethod(TestInvoker.java:510)
<br>&nbsp;&nbsp;&nbsp;&nbsp;	at org.testng.internal.TestInvoker.invokeTestMethod(TestInvoker.java:172)
<br>&nbsp;&nbsp;&nbsp;&nbsp;	at org.testng.internal.MethodRunner.runInSequence(MethodRunner.java:46)
<br>&nbsp;&nbsp;&nbsp;&nbsp;	at org.testng.internal.TestInvoker$MethodInvocationAgent.invoke(TestInvoker.java:804)
<br>&nbsp;&nbsp;&nbsp;&nbsp;	at org.testng.internal.TestInvoker.invokeTestMethods(TestInvoker.java:145)
<br>&nbsp;&nbsp;&nbsp;&nbsp;	at org.testng.internal.TestMethodWorker.invokeTestMethods(TestMethodWorker.java:146)
<br>&nbsp;&nbsp;&nbsp;&nbsp;	at org.testng.internal.TestMethodWorker.run(TestMethodWorker.java:128)
<br>&nbsp;&nbsp;&nbsp;&nbsp;	at java.base/java.util.ArrayList.forEach(ArrayList.java:1541)
<br>&nbsp;&nbsp;&nbsp;&nbsp;	at org.testng.TestRunner.privateRun(TestRunner.java:770)
<br>&nbsp;&nbsp;&nbsp;&nbsp;	at org.testng.TestRunner.run(TestRunner.java:591)
<br>&nbsp;&nbsp;&nbsp;&nbsp;	at org.testng.SuiteRunner.runTest(SuiteRunner.java:402)
<br>&nbsp;&nbsp;&nbsp;&nbsp;	at org.testng.SuiteRunner.runSequentially(SuiteRunner.java:396)
<br>&nbsp;&nbsp;&nbsp;&nbsp;	at org.testng.SuiteRunner.privateRun(SuiteRunner.java:355)
<br>&nbsp;&nbsp;&nbsp;&nbsp;	at org.testng.SuiteRunner.run(SuiteRunner.java:304)
<br>&nbsp;&nbsp;&nbsp;&nbsp;	at org.testng.SuiteRunnerWorker.runSuite(SuiteRunnerWorker.java:53)
<br>&nbsp;&nbsp;&nbsp;&nbsp;	at org.testng.SuiteRunnerWorker.run(SuiteRunnerWorker.java:96)
<br>&nbsp;&nbsp;&nbsp;&nbsp;	at org.testng.TestNG.runSuitesSequentially(TestNG.java:1180)
<br>&nbsp;&nbsp;&nbsp;&nbsp;	at org.testng.TestNG.runSuitesLocally(TestNG.java:1102)
<br>&nbsp;&nbsp;&nbsp;&nbsp;	at org.testng.TestNG.runSuites(TestNG.java:1032)
<br>&nbsp;&nbsp;&nbsp;&nbsp;	at org.testng.TestNG.run(TestNG.java:1000)
<br>&nbsp;&nbsp;&nbsp;&nbsp;	at org.testng.remote.AbstractRemoteTestNG.run(AbstractRemoteTestNG.java:115)
<br>&nbsp;&nbsp;&nbsp;&nbsp;	at org.testng.remote.RemoteTestNG.initAndRun(RemoteTestNG.java:251)
<br>&nbsp;&nbsp;&nbsp;&nbsp;	at org.testng.remote.RemoteTestNG.main(RemoteTestNG.java:77)
</td></tr>

<tr>
<td>3036</td>
<td title="main thread">main</td>
<td title="Level"><font color="#993300"><strong>ERROR</strong></font></td>
<td title="com.phptravels.libraries.PHPLibraries category">com.phptravels.libraries.PHPLibraries</td>
<td>PHPLibraries.java:81</td>
<td title="Message">Error: </td>
</tr>
<tr><td bgcolor="#993300" style="color:White; font-size : xx-small;" colspan="6">java.lang.NullPointerException
<br>&nbsp;&nbsp;&nbsp;&nbsp;	at com.phptravels.libraries.PHPLibraries.clickElement(PHPLibraries.java:77)
<br>&nbsp;&nbsp;&nbsp;&nbsp;	at com.phptravels.pages.HomePage.clickHotel(HomePage.java:13)
<br>&nbsp;&nbsp;&nbsp;&nbsp;	at com.phptravels.tests.ResultPage.verifyDestinationFunc(ResultPage.java:13)
<br>&nbsp;&nbsp;&nbsp;&nbsp;	at java.base/jdk.internal.reflect.NativeMethodAccessorImpl.invoke0(Native Method)
<br>&nbsp;&nbsp;&nbsp;&nbsp;	at java.base/jdk.internal.reflect.NativeMethodAccessorImpl.invoke(NativeMethodAccessorImpl.java:62)
<br>&nbsp;&nbsp;&nbsp;&nbsp;	at java.base/jdk.internal.reflect.DelegatingMethodAccessorImpl.invoke(DelegatingMethodAccessorImpl.java:43)
<br>&nbsp;&nbsp;&nbsp;&nbsp;	at java.base/java.lang.reflect.Method.invoke(Method.java:566)
<br>&nbsp;&nbsp;&nbsp;&nbsp;	at org.testng.internal.MethodInvocationHelper.invokeMethod(MethodInvocationHelper.java:133)
<br>&nbsp;&nbsp;&nbsp;&nbsp;	at org.testng.internal.TestInvoker.invokeMethod(TestInvoker.java:584)
<br>&nbsp;&nbsp;&nbsp;&nbsp;	at org.testng.internal.TestInvoker.invokeTestMethod(TestInvoker.java:172)
<br>&nbsp;&nbsp;&nbsp;&nbsp;	at org.testng.internal.MethodRunner.runInSequence(MethodRunner.java:46)
<br>&nbsp;&nbsp;&nbsp;&nbsp;	at org.testng.internal.TestInvoker$MethodInvocationAgent.invoke(TestInvoker.java:804)
<br>&nbsp;&nbsp;&nbsp;&nbsp;	at org.testng.internal.TestInvoker.invokeTestMethods(TestInvoker.java:145)
<br>&nbsp;&nbsp;&nbsp;&nbsp;	at org.testng.internal.TestMethodWorker.invokeTestMethods(TestMethodWorker.java:146)
<br>&nbsp;&nbsp;&nbsp;&nbsp;	at org.testng.internal.TestMethodWorker.run(TestMethodWorker.java:128)
<br>&nbsp;&nbsp;&nbsp;&nbsp;	at java.base/java.util.ArrayList.forEach(ArrayList.java:1541)
<br>&nbsp;&nbsp;&nbsp;&nbsp;	at org.testng.TestRunner.privateRun(TestRunner.java:770)
<br>&nbsp;&nbsp;&nbsp;&nbsp;	at org.testng.TestRunner.run(TestRunner.java:591)
<br>&nbsp;&nbsp;&nbsp;&nbsp;	at org.testng.SuiteRunner.runTest(SuiteRunner.java:402)
<br>&nbsp;&nbsp;&nbsp;&nbsp;	at org.testng.SuiteRunner.runSequentially(SuiteRunner.java:396)
<br>&nbsp;&nbsp;&nbsp;&nbsp;	at org.testng.SuiteRunner.privateRun(SuiteRunner.java:355)
<br>&nbsp;&nbsp;&nbsp;&nbsp;	at org.testng.SuiteRunner.run(SuiteRunner.java:304)
<br>&nbsp;&nbsp;&nbsp;&nbsp;	at org.testng.SuiteRunnerWorker.runSuite(SuiteRunnerWorker.java:53)
<br>&nbsp;&nbsp;&nbsp;&nbsp;	at org.testng.SuiteRunnerWorker.run(SuiteRunnerWorker.java:96)
<br>&nbsp;&nbsp;&nbsp;&nbsp;	at org.testng.TestNG.runSuitesSequentially(TestNG.java:1180)
<br>&nbsp;&nbsp;&nbsp;&nbsp;	at org.testng.TestNG.runSuitesLocally(TestNG.java:1102)
<br>&nbsp;&nbsp;&nbsp;&nbsp;	at org.testng.TestNG.runSuites(TestNG.java:1032)
<br>&nbsp;&nbsp;&nbsp;&nbsp;	at org.testng.TestNG.run(TestNG.java:1000)
<br>&nbsp;&nbsp;&nbsp;&nbsp;	at org.testng.remote.AbstractRemoteTestNG.run(AbstractRemoteTestNG.java:115)
<br>&nbsp;&nbsp;&nbsp;&nbsp;	at org.testng.remote.RemoteTestNG.initAndRun(RemoteTestNG.java:251)
<br>&nbsp;&nbsp;&nbsp;&nbsp;	at org.testng.remote.RemoteTestNG.main(RemoteTestNG.java:77)
</td></tr>
<!DOCTYPE HTML PUBLIC "-//W3C//DTD HTML 4.01 Transitional//EN" "http://www.w3.org/TR/html4/loose.dtd">
<html>
<head>
<title>Selenium Logs</title>
<style type="text/css">
<!--
body, table {font-family: arial,sans-serif; font-size: x-small;}
th {background: #336699; color: #FFFFFF; text-align: left;}
-->
</style>
</head>
<body bgcolor="#FFFFFF" topmargin="6" leftmargin="6">
<hr size="1" noshade>
Log session start time Thu Jan 21 11:42:54 EST 2021<br>
<br>
<table cellspacing="0" cellpadding="4" border="1" bordercolor="#224466" width="100%">
<tr>
<th>Time</th>
<th>Thread</th>
<th>Level</th>
<th>Category</th>
<th>File:Line</th>
<th>Message</th>
</tr>

<tr>
<td>0</td>
<td title="main thread">main</td>
<td title="Level">INFO</td>
<td title="com.phptravels.libraries.PHPBase category">com.phptravels.libraries.PHPBase</td>
<td>PHPBase.java:23</td>
<td title="Message">Test started</td>
</tr>

<tr>
<td>3049</td>
<td title="main thread">main</td>
<td title="Level"><font color="#993300"><strong>ERROR</strong></font></td>
<td title="com.phptravels.libraries.PHPBase category">com.phptravels.libraries.PHPBase</td>
<td>PHPBase.java:27</td>
<td title="Message">Error: </td>
</tr>
<tr><td bgcolor="#993300" style="color:White; font-size : xx-small;" colspan="6">org.openqa.selenium.SessionNotCreatedException: session not created: This version of ChromeDriver only supports Chrome version 86
<br>&nbsp;&nbsp;&nbsp;&nbsp;Current browser version is 88.0.4324.96 with binary path C:\Program Files (x86)\Google\Chrome\Application\chrome.exe
<br>&nbsp;&nbsp;&nbsp;&nbsp;Build info: version: '4.0.0-alpha-7', revision: 'de8579b6d5'
<br>&nbsp;&nbsp;&nbsp;&nbsp;System info: host: 'ELSHAT-PC', ip: '67.194.228.12', os.name: 'Windows 10', os.arch: 'amd64', os.version: '10.0', java.version: '11.0.9'
<br>&nbsp;&nbsp;&nbsp;&nbsp;Driver info: driver.version: ChromeDriver
<br>&nbsp;&nbsp;&nbsp;&nbsp;remote stacktrace: Backtrace:
<br>&nbsp;&nbsp;&nbsp;&nbsp;	Ordinal0 [0x0116C013+3194899]
<br>&nbsp;&nbsp;&nbsp;&nbsp;	Ordinal0 [0x01056021+2056225]
<br>&nbsp;&nbsp;&nbsp;&nbsp;	Ordinal0 [0x00EEF608+587272]
<br>&nbsp;&nbsp;&nbsp;&nbsp;	Ordinal0 [0x00E71BF3+72691]
<br>&nbsp;&nbsp;&nbsp;&nbsp;	Ordinal0 [0x00E6E229+57897]
<br>&nbsp;&nbsp;&nbsp;&nbsp;	Ordinal0 [0x00E6C64A+50762]
<br>&nbsp;&nbsp;&nbsp;&nbsp;	Ordinal0 [0x00E91EE9+204521]
<br>&nbsp;&nbsp;&nbsp;&nbsp;	Ordinal0 [0x00E91D0D+204045]
<br>&nbsp;&nbsp;&nbsp;&nbsp;	Ordinal0 [0x00E8FC1B+195611]
<br>&nbsp;&nbsp;&nbsp;&nbsp;	Ordinal0 [0x00E73B7F+80767]
<br>&nbsp;&nbsp;&nbsp;&nbsp;	Ordinal0 [0x00E74B4E+84814]
<br>&nbsp;&nbsp;&nbsp;&nbsp;	Ordinal0 [0x00E74AD9+84697]
<br>&nbsp;&nbsp;&nbsp;&nbsp;	Ordinal0 [0x0106CE64+2149988]
<br>&nbsp;&nbsp;&nbsp;&nbsp;	GetHandleVerifier [0x012DBE95+1400773]
<br>&nbsp;&nbsp;&nbsp;&nbsp;	GetHandleVerifier [0x012DBB61+1399953]
<br>&nbsp;&nbsp;&nbsp;&nbsp;	GetHandleVerifier [0x012E31FA+1430314]
<br>&nbsp;&nbsp;&nbsp;&nbsp;	GetHandleVerifier [0x012DC69F+1402831]
<br>&nbsp;&nbsp;&nbsp;&nbsp;	Ordinal0 [0x01063D61+2112865]
<br>&nbsp;&nbsp;&nbsp;&nbsp;	Ordinal0 [0x0106E5CB+2155979]
<br>&nbsp;&nbsp;&nbsp;&nbsp;	Ordinal0 [0x0106E6F5+2156277]
<br>&nbsp;&nbsp;&nbsp;&nbsp;	Ordinal0 [0x0107F26E+2224750]
<br>&nbsp;&nbsp;&nbsp;&nbsp;	BaseThreadInitThunk [0x74F66359+25]
<br>&nbsp;&nbsp;&nbsp;&nbsp;	RtlGetAppContainerNamedObjectPath [0x76F48944+228]
<br>&nbsp;&nbsp;&nbsp;&nbsp;	RtlGetAppContainerNamedObjectPath [0x76F48914+180]
<br>&nbsp;&nbsp;&nbsp;&nbsp;
<br>&nbsp;&nbsp;&nbsp;&nbsp;	at java.base/jdk.internal.reflect.NativeConstructorAccessorImpl.newInstance0(Native Method)
<br>&nbsp;&nbsp;&nbsp;&nbsp;	at java.base/jdk.internal.reflect.NativeConstructorAccessorImpl.newInstance(NativeConstructorAccessorImpl.java:62)
<br>&nbsp;&nbsp;&nbsp;&nbsp;	at java.base/jdk.internal.reflect.DelegatingConstructorAccessorImpl.newInstance(DelegatingConstructorAccessorImpl.java:45)
<br>&nbsp;&nbsp;&nbsp;&nbsp;	at java.base/java.lang.reflect.Constructor.newInstance(Constructor.java:490)
<br>&nbsp;&nbsp;&nbsp;&nbsp;	at org.openqa.selenium.remote.W3CHandshakeResponse.lambda$errorHandler$0(W3CHandshakeResponse.java:62)
<br>&nbsp;&nbsp;&nbsp;&nbsp;	at org.openqa.selenium.remote.HandshakeResponse.lambda$getResponseFunction$0(HandshakeResponse.java:30)
<br>&nbsp;&nbsp;&nbsp;&nbsp;	at org.openqa.selenium.remote.ProtocolHandshake.lambda$createSession$1(ProtocolHandshake.java:126)
<br>&nbsp;&nbsp;&nbsp;&nbsp;	at java.base/java.util.stream.ReferencePipeline$3$1.accept(ReferencePipeline.java:195)
<br>&nbsp;&nbsp;&nbsp;&nbsp;	at java.base/java.util.Spliterators$ArraySpliterator.tryAdvance(Spliterators.java:958)
<br>&nbsp;&nbsp;&nbsp;&nbsp;	at java.base/java.util.stream.ReferencePipeline.forEachWithCancel(ReferencePipeline.java:127)
<br>&nbsp;&nbsp;&nbsp;&nbsp;	at java.base/java.util.stream.AbstractPipeline.copyIntoWithCancel(AbstractPipeline.java:502)
<br>&nbsp;&nbsp;&nbsp;&nbsp;	at java.base/java.util.stream.AbstractPipeline.copyInto(AbstractPipeline.java:488)
<br>&nbsp;&nbsp;&nbsp;&nbsp;	at java.base/java.util.stream.AbstractPipeline.wrapAndCopyInto(AbstractPipeline.java:474)
<br>&nbsp;&nbsp;&nbsp;&nbsp;	at java.base/java.util.stream.FindOps$FindOp.evaluateSequential(FindOps.java:150)
<br>&nbsp;&nbsp;&nbsp;&nbsp;	at java.base/java.util.stream.AbstractPipeline.evaluate(AbstractPipeline.java:234)
<br>&nbsp;&nbsp;&nbsp;&nbsp;	at java.base/java.util.stream.ReferencePipeline.findFirst(ReferencePipeline.java:543)
<br>&nbsp;&nbsp;&nbsp;&nbsp;	at org.openqa.selenium.remote.ProtocolHandshake.createSession(ProtocolHandshake.java:128)
<br>&nbsp;&nbsp;&nbsp;&nbsp;	at org.openqa.selenium.remote.ProtocolHandshake.createSession(ProtocolHandshake.java:75)
<br>&nbsp;&nbsp;&nbsp;&nbsp;	at org.openqa.selenium.remote.HttpCommandExecutor.execute(HttpCommandExecutor.java:139)
<br>&nbsp;&nbsp;&nbsp;&nbsp;	at org.openqa.selenium.remote.service.DriverCommandExecutor.execute(DriverCommandExecutor.java:123)
<br>&nbsp;&nbsp;&nbsp;&nbsp;	at org.openqa.selenium.remote.RemoteWebDriver.execute(RemoteWebDriver.java:501)
<br>&nbsp;&nbsp;&nbsp;&nbsp;	at org.openqa.selenium.remote.RemoteWebDriver.startSession(RemoteWebDriver.java:207)
<br>&nbsp;&nbsp;&nbsp;&nbsp;	at org.openqa.selenium.remote.RemoteWebDriver.&lt;init&gt;(RemoteWebDriver.java:127)
<br>&nbsp;&nbsp;&nbsp;&nbsp;	at org.openqa.selenium.chromium.ChromiumDriver.&lt;init&gt;(ChromiumDriver.java:93)
<br>&nbsp;&nbsp;&nbsp;&nbsp;	at org.openqa.selenium.chrome.ChromeDriver.&lt;init&gt;(ChromeDriver.java:163)
<br>&nbsp;&nbsp;&nbsp;&nbsp;	at org.openqa.selenium.chrome.ChromeDriver.&lt;init&gt;(ChromeDriver.java:150)
<br>&nbsp;&nbsp;&nbsp;&nbsp;	at org.openqa.selenium.chrome.ChromeDriver.&lt;init&gt;(ChromeDriver.java:105)
<br>&nbsp;&nbsp;&nbsp;&nbsp;	at com.phptravels.libraries.PHPBase.setup(PHPBase.java:24)
<br>&nbsp;&nbsp;&nbsp;&nbsp;	at java.base/jdk.internal.reflect.NativeMethodAccessorImpl.invoke0(Native Method)
<br>&nbsp;&nbsp;&nbsp;&nbsp;	at java.base/jdk.internal.reflect.NativeMethodAccessorImpl.invoke(NativeMethodAccessorImpl.java:62)
<br>&nbsp;&nbsp;&nbsp;&nbsp;	at java.base/jdk.internal.reflect.DelegatingMethodAccessorImpl.invoke(DelegatingMethodAccessorImpl.java:43)
<br>&nbsp;&nbsp;&nbsp;&nbsp;	at java.base/java.lang.reflect.Method.invoke(Method.java:566)
<br>&nbsp;&nbsp;&nbsp;&nbsp;	at org.testng.internal.MethodInvocationHelper.invokeMethod(MethodInvocationHelper.java:133)
<br>&nbsp;&nbsp;&nbsp;&nbsp;	at org.testng.internal.MethodInvocationHelper.invokeMethodConsideringTimeout(MethodInvocationHelper.java:62)
<br>&nbsp;&nbsp;&nbsp;&nbsp;	at org.testng.internal.ConfigInvoker.invokeConfigurationMethod(ConfigInvoker.java:340)
<br>&nbsp;&nbsp;&nbsp;&nbsp;	at org.testng.internal.ConfigInvoker.invokeConfigurations(ConfigInvoker.java:294)
<br>&nbsp;&nbsp;&nbsp;&nbsp;	at org.testng.internal.TestInvoker.runConfigMethods(TestInvoker.java:683)
<br>&nbsp;&nbsp;&nbsp;&nbsp;	at org.testng.internal.TestInvoker.invokeMethod(TestInvoker.java:510)
<br>&nbsp;&nbsp;&nbsp;&nbsp;	at org.testng.internal.TestInvoker.invokeTestMethod(TestInvoker.java:172)
<br>&nbsp;&nbsp;&nbsp;&nbsp;	at org.testng.internal.MethodRunner.runInSequence(MethodRunner.java:46)
<br>&nbsp;&nbsp;&nbsp;&nbsp;	at org.testng.internal.TestInvoker$MethodInvocationAgent.invoke(TestInvoker.java:804)
<br>&nbsp;&nbsp;&nbsp;&nbsp;	at org.testng.internal.TestInvoker.invokeTestMethods(TestInvoker.java:145)
<br>&nbsp;&nbsp;&nbsp;&nbsp;	at org.testng.internal.TestMethodWorker.invokeTestMethods(TestMethodWorker.java:146)
<br>&nbsp;&nbsp;&nbsp;&nbsp;	at org.testng.internal.TestMethodWorker.run(TestMethodWorker.java:128)
<br>&nbsp;&nbsp;&nbsp;&nbsp;	at java.base/java.util.ArrayList.forEach(ArrayList.java:1541)
<br>&nbsp;&nbsp;&nbsp;&nbsp;	at org.testng.TestRunner.privateRun(TestRunner.java:770)
<br>&nbsp;&nbsp;&nbsp;&nbsp;	at org.testng.TestRunner.run(TestRunner.java:591)
<br>&nbsp;&nbsp;&nbsp;&nbsp;	at org.testng.SuiteRunner.runTest(SuiteRunner.java:402)
<br>&nbsp;&nbsp;&nbsp;&nbsp;	at org.testng.SuiteRunner.runSequentially(SuiteRunner.java:396)
<br>&nbsp;&nbsp;&nbsp;&nbsp;	at org.testng.SuiteRunner.privateRun(SuiteRunner.java:355)
<br>&nbsp;&nbsp;&nbsp;&nbsp;	at org.testng.SuiteRunner.run(SuiteRunner.java:304)
<br>&nbsp;&nbsp;&nbsp;&nbsp;	at org.testng.SuiteRunnerWorker.runSuite(SuiteRunnerWorker.java:53)
<br>&nbsp;&nbsp;&nbsp;&nbsp;	at org.testng.SuiteRunnerWorker.run(SuiteRunnerWorker.java:96)
<br>&nbsp;&nbsp;&nbsp;&nbsp;	at org.testng.TestNG.runSuitesSequentially(TestNG.java:1180)
<br>&nbsp;&nbsp;&nbsp;&nbsp;	at org.testng.TestNG.runSuitesLocally(TestNG.java:1102)
<br>&nbsp;&nbsp;&nbsp;&nbsp;	at org.testng.TestNG.runSuites(TestNG.java:1032)
<br>&nbsp;&nbsp;&nbsp;&nbsp;	at org.testng.TestNG.run(TestNG.java:1000)
<br>&nbsp;&nbsp;&nbsp;&nbsp;	at org.testng.remote.AbstractRemoteTestNG.run(AbstractRemoteTestNG.java:115)
<br>&nbsp;&nbsp;&nbsp;&nbsp;	at org.testng.remote.RemoteTestNG.initAndRun(RemoteTestNG.java:251)
<br>&nbsp;&nbsp;&nbsp;&nbsp;	at org.testng.remote.RemoteTestNG.main(RemoteTestNG.java:77)
</td></tr>

<tr>
<td>3092</td>
<td title="main thread">main</td>
<td title="Level"><font color="#993300"><strong>ERROR</strong></font></td>
<td title="com.phptravels.libraries.PHPLibraries category">com.phptravels.libraries.PHPLibraries</td>
<td>PHPLibraries.java:81</td>
<td title="Message">Error: </td>
</tr>
<tr><td bgcolor="#993300" style="color:White; font-size : xx-small;" colspan="6">java.lang.NullPointerException
<br>&nbsp;&nbsp;&nbsp;&nbsp;	at com.phptravels.libraries.PHPLibraries.clickElement(PHPLibraries.java:77)
<br>&nbsp;&nbsp;&nbsp;&nbsp;	at com.phptravels.pages.HomePage.clickHotel(HomePage.java:13)
<br>&nbsp;&nbsp;&nbsp;&nbsp;	at com.phptravels.tests.ResultPage.verifyDestinationFunc(ResultPage.java:13)
<br>&nbsp;&nbsp;&nbsp;&nbsp;	at java.base/jdk.internal.reflect.NativeMethodAccessorImpl.invoke0(Native Method)
<br>&nbsp;&nbsp;&nbsp;&nbsp;	at java.base/jdk.internal.reflect.NativeMethodAccessorImpl.invoke(NativeMethodAccessorImpl.java:62)
<br>&nbsp;&nbsp;&nbsp;&nbsp;	at java.base/jdk.internal.reflect.DelegatingMethodAccessorImpl.invoke(DelegatingMethodAccessorImpl.java:43)
<br>&nbsp;&nbsp;&nbsp;&nbsp;	at java.base/java.lang.reflect.Method.invoke(Method.java:566)
<br>&nbsp;&nbsp;&nbsp;&nbsp;	at org.testng.internal.MethodInvocationHelper.invokeMethod(MethodInvocationHelper.java:133)
<br>&nbsp;&nbsp;&nbsp;&nbsp;	at org.testng.internal.TestInvoker.invokeMethod(TestInvoker.java:584)
<br>&nbsp;&nbsp;&nbsp;&nbsp;	at org.testng.internal.TestInvoker.invokeTestMethod(TestInvoker.java:172)
<br>&nbsp;&nbsp;&nbsp;&nbsp;	at org.testng.internal.MethodRunner.runInSequence(MethodRunner.java:46)
<br>&nbsp;&nbsp;&nbsp;&nbsp;	at org.testng.internal.TestInvoker$MethodInvocationAgent.invoke(TestInvoker.java:804)
<br>&nbsp;&nbsp;&nbsp;&nbsp;	at org.testng.internal.TestInvoker.invokeTestMethods(TestInvoker.java:145)
<br>&nbsp;&nbsp;&nbsp;&nbsp;	at org.testng.internal.TestMethodWorker.invokeTestMethods(TestMethodWorker.java:146)
<br>&nbsp;&nbsp;&nbsp;&nbsp;	at org.testng.internal.TestMethodWorker.run(TestMethodWorker.java:128)
<br>&nbsp;&nbsp;&nbsp;&nbsp;	at java.base/java.util.ArrayList.forEach(ArrayList.java:1541)
<br>&nbsp;&nbsp;&nbsp;&nbsp;	at org.testng.TestRunner.privateRun(TestRunner.java:770)
<br>&nbsp;&nbsp;&nbsp;&nbsp;	at org.testng.TestRunner.run(TestRunner.java:591)
<br>&nbsp;&nbsp;&nbsp;&nbsp;	at org.testng.SuiteRunner.runTest(SuiteRunner.java:402)
<br>&nbsp;&nbsp;&nbsp;&nbsp;	at org.testng.SuiteRunner.runSequentially(SuiteRunner.java:396)
<br>&nbsp;&nbsp;&nbsp;&nbsp;	at org.testng.SuiteRunner.privateRun(SuiteRunner.java:355)
<br>&nbsp;&nbsp;&nbsp;&nbsp;	at org.testng.SuiteRunner.run(SuiteRunner.java:304)
<br>&nbsp;&nbsp;&nbsp;&nbsp;	at org.testng.SuiteRunnerWorker.runSuite(SuiteRunnerWorker.java:53)
<br>&nbsp;&nbsp;&nbsp;&nbsp;	at org.testng.SuiteRunnerWorker.run(SuiteRunnerWorker.java:96)
<br>&nbsp;&nbsp;&nbsp;&nbsp;	at org.testng.TestNG.runSuitesSequentially(TestNG.java:1180)
<br>&nbsp;&nbsp;&nbsp;&nbsp;	at org.testng.TestNG.runSuitesLocally(TestNG.java:1102)
<br>&nbsp;&nbsp;&nbsp;&nbsp;	at org.testng.TestNG.runSuites(TestNG.java:1032)
<br>&nbsp;&nbsp;&nbsp;&nbsp;	at org.testng.TestNG.run(TestNG.java:1000)
<br>&nbsp;&nbsp;&nbsp;&nbsp;	at org.testng.remote.AbstractRemoteTestNG.run(AbstractRemoteTestNG.java:115)
<br>&nbsp;&nbsp;&nbsp;&nbsp;	at org.testng.remote.RemoteTestNG.initAndRun(RemoteTestNG.java:251)
<br>&nbsp;&nbsp;&nbsp;&nbsp;	at org.testng.remote.RemoteTestNG.main(RemoteTestNG.java:77)
</td></tr>
